<?xml version="1.0" encoding="UTF-8"?>
<!-- Generated by org.testng.reporters.JUnitXMLReporter -->
<testsuite hostname="rameshs-MacBook-Pro.local" tests="4" failures="0" timestamp="30 Jan 2016 19:46:39 GMT" time="53.491" errors="0">
  <testcase name="Login01" time="11.278" classname="MyFirstNotRecordedTestNG"/>
  <testcase name="Login02" time="9.396" classname="MyFirstNotRecordedTestNG"/>
  <testcase name="testLogin" time="0.0" classname="LoginTest"/>
  <testcase name="testRegister" time="0.001" classname="LoginTest"/>
</testsuite>
